running egg_info
creating ../../build/my_package/my_package.egg-info
writing ../../build/my_package/my_package.egg-info/PKG-INFO
writing dependency_links to ../../build/my_package/my_package.egg-info/dependency_links.txt
writing entry points to ../../build/my_package/my_package.egg-info/entry_points.txt
writing requirements to ../../build/my_package/my_package.egg-info/requires.txt
writing top-level names to ../../build/my_package/my_package.egg-info/top_level.txt
writing manifest file '../../build/my_package/my_package.egg-info/SOURCES.txt'
reading manifest file '../../build/my_package/my_package.egg-info/SOURCES.txt'
adding license file 'LICENSE'
writing manifest file '../../build/my_package/my_package.egg-info/SOURCES.txt'
running build
running build_py
creating /home/ivan/Webots_YOLOv8/build/my_package/build
creating /home/ivan/Webots_YOLOv8/build/my_package/build/lib
creating /home/ivan/Webots_YOLOv8/build/my_package/build/lib/my_package
copying my_package/keyboard_teleop.py -> /home/ivan/Webots_YOLOv8/build/my_package/build/lib/my_package
copying my_package/__init__.py -> /home/ivan/Webots_YOLOv8/build/my_package/build/lib/my_package
copying my_package/my_robot_driver.py -> /home/ivan/Webots_YOLOv8/build/my_package/build/lib/my_package
running install
running install_lib
creating /home/ivan/Webots_YOLOv8/install/my_package/lib/python3.10/site-packages/my_package
copying /home/ivan/Webots_YOLOv8/build/my_package/build/lib/my_package/keyboard_teleop.py -> /home/ivan/Webots_YOLOv8/install/my_package/lib/python3.10/site-packages/my_package
copying /home/ivan/Webots_YOLOv8/build/my_package/build/lib/my_package/__init__.py -> /home/ivan/Webots_YOLOv8/install/my_package/lib/python3.10/site-packages/my_package
copying /home/ivan/Webots_YOLOv8/build/my_package/build/lib/my_package/my_robot_driver.py -> /home/ivan/Webots_YOLOv8/install/my_package/lib/python3.10/site-packages/my_package
byte-compiling /home/ivan/Webots_YOLOv8/install/my_package/lib/python3.10/site-packages/my_package/keyboard_teleop.py to keyboard_teleop.cpython-310.pyc
byte-compiling /home/ivan/Webots_YOLOv8/install/my_package/lib/python3.10/site-packages/my_package/__init__.py to __init__.cpython-310.pyc
byte-compiling /home/ivan/Webots_YOLOv8/install/my_package/lib/python3.10/site-packages/my_package/my_robot_driver.py to my_robot_driver.cpython-310.pyc
running install_data
creating /home/ivan/Webots_YOLOv8/install/my_package/share/ament_index
creating /home/ivan/Webots_YOLOv8/install/my_package/share/ament_index/resource_index
creating /home/ivan/Webots_YOLOv8/install/my_package/share/ament_index/resource_index/packages
copying resource/my_package -> /home/ivan/Webots_YOLOv8/install/my_package/share/ament_index/resource_index/packages
creating /home/ivan/Webots_YOLOv8/install/my_package/share/my_package/launch
copying launch/robot_launch.py -> /home/ivan/Webots_YOLOv8/install/my_package/share/my_package/launch
creating /home/ivan/Webots_YOLOv8/install/my_package/share/my_package/worlds
copying worlds/training_simulation.wbt -> /home/ivan/Webots_YOLOv8/install/my_package/share/my_package/worlds
creating /home/ivan/Webots_YOLOv8/install/my_package/share/my_package/resource
copying resource/my_robot.urdf -> /home/ivan/Webots_YOLOv8/install/my_package/share/my_package/resource
copying package.xml -> /home/ivan/Webots_YOLOv8/install/my_package/share/my_package
running install_egg_info
Copying ../../build/my_package/my_package.egg-info to /home/ivan/Webots_YOLOv8/install/my_package/lib/python3.10/site-packages/my_package-0.0.0-py3.10.egg-info
running install_scripts
Installing keyboard_teleop script to /home/ivan/Webots_YOLOv8/install/my_package/lib/my_package
Installing my_robot_driver script to /home/ivan/Webots_YOLOv8/install/my_package/lib/my_package
writing list of installed files to '/home/ivan/Webots_YOLOv8/build/my_package/install.log'
