running egg_info
creating ../../build/Webots_YOLOv8/Webots_YOLOv8.egg-info
writing ../../build/Webots_YOLOv8/Webots_YOLOv8.egg-info/PKG-INFO
writing dependency_links to ../../build/Webots_YOLOv8/Webots_YOLOv8.egg-info/dependency_links.txt
writing entry points to ../../build/Webots_YOLOv8/Webots_YOLOv8.egg-info/entry_points.txt
writing requirements to ../../build/Webots_YOLOv8/Webots_YOLOv8.egg-info/requires.txt
writing top-level names to ../../build/Webots_YOLOv8/Webots_YOLOv8.egg-info/top_level.txt
writing manifest file '../../build/Webots_YOLOv8/Webots_YOLOv8.egg-info/SOURCES.txt'
reading manifest file '../../build/Webots_YOLOv8/Webots_YOLOv8.egg-info/SOURCES.txt'
writing manifest file '../../build/Webots_YOLOv8/Webots_YOLOv8.egg-info/SOURCES.txt'
running build
running build_py
creating /home/ivan/Webots_YOLOv8/build/Webots_YOLOv8/build
creating /home/ivan/Webots_YOLOv8/build/Webots_YOLOv8/build/lib
creating /home/ivan/Webots_YOLOv8/build/Webots_YOLOv8/build/lib/Webots_YOLOv8
copying Webots_YOLOv8/yolo_simulation.py -> /home/ivan/Webots_YOLOv8/build/Webots_YOLOv8/build/lib/Webots_YOLOv8
copying Webots_YOLOv8/__init__.py -> /home/ivan/Webots_YOLOv8/build/Webots_YOLOv8/build/lib/Webots_YOLOv8
copying Webots_YOLOv8/running_inference.py -> /home/ivan/Webots_YOLOv8/build/Webots_YOLOv8/build/lib/Webots_YOLOv8
running install
running install_lib
creating /home/ivan/Webots_YOLOv8/install/Webots_YOLOv8/lib/python3.10/site-packages/Webots_YOLOv8
copying /home/ivan/Webots_YOLOv8/build/Webots_YOLOv8/build/lib/Webots_YOLOv8/yolo_simulation.py -> /home/ivan/Webots_YOLOv8/install/Webots_YOLOv8/lib/python3.10/site-packages/Webots_YOLOv8
copying /home/ivan/Webots_YOLOv8/build/Webots_YOLOv8/build/lib/Webots_YOLOv8/__init__.py -> /home/ivan/Webots_YOLOv8/install/Webots_YOLOv8/lib/python3.10/site-packages/Webots_YOLOv8
copying /home/ivan/Webots_YOLOv8/build/Webots_YOLOv8/build/lib/Webots_YOLOv8/running_inference.py -> /home/ivan/Webots_YOLOv8/install/Webots_YOLOv8/lib/python3.10/site-packages/Webots_YOLOv8
byte-compiling /home/ivan/Webots_YOLOv8/install/Webots_YOLOv8/lib/python3.10/site-packages/Webots_YOLOv8/yolo_simulation.py to yolo_simulation.cpython-310.pyc
byte-compiling /home/ivan/Webots_YOLOv8/install/Webots_YOLOv8/lib/python3.10/site-packages/Webots_YOLOv8/__init__.py to __init__.cpython-310.pyc
byte-compiling /home/ivan/Webots_YOLOv8/install/Webots_YOLOv8/lib/python3.10/site-packages/Webots_YOLOv8/running_inference.py to running_inference.cpython-310.pyc
running install_data
copying package.xml -> /home/ivan/Webots_YOLOv8/install/Webots_YOLOv8/share/Webots_YOLOv8
creating /home/ivan/Webots_YOLOv8/install/Webots_YOLOv8/share/Webots_YOLOv8/launch
copying launch/vision.launch.py -> /home/ivan/Webots_YOLOv8/install/Webots_YOLOv8/share/Webots_YOLOv8/launch
creating /home/ivan/Webots_YOLOv8/install/Webots_YOLOv8/share/Webots_YOLOv8/modelo
copying modelo/best.pt -> /home/ivan/Webots_YOLOv8/install/Webots_YOLOv8/share/Webots_YOLOv8/modelo
creating /home/ivan/Webots_YOLOv8/install/Webots_YOLOv8/share/Webots_YOLOv8/resource
copying resource/Webots_YOLOv8 -> /home/ivan/Webots_YOLOv8/install/Webots_YOLOv8/share/Webots_YOLOv8/resource
running install_egg_info
Copying ../../build/Webots_YOLOv8/Webots_YOLOv8.egg-info to /home/ivan/Webots_YOLOv8/install/Webots_YOLOv8/lib/python3.10/site-packages/Webots_YOLOv8-0.0.1-py3.10.egg-info
running install_scripts
Installing finder script to /home/ivan/Webots_YOLOv8/install/Webots_YOLOv8/lib/Webots_YOLOv8
writing list of installed files to '/home/ivan/Webots_YOLOv8/build/Webots_YOLOv8/install.log'
