[1.294s] Invoking command in '/home/ivan/Webots_YOLOv8/src/Webots_YOLOv8': PYTHONPATH=/home/ivan/Webots_YOLOv8/build/Webots_YOLOv8/prefix_override:/usr/lib/python3/dist-packages/colcon_core/task/python/colcon_distutils_commands:/home/ivan/Webots_YOLOv8/install/Webots_YOLOv8/lib/python3.10/site-packages:${PYTHONPATH} /usr/bin/python3 -W ignore:setup.py install is deprecated -W ignore:easy_install command is deprecated setup.py egg_info --egg-base ../../build/Webots_YOLOv8 build --build-base /home/ivan/Webots_YOLOv8/build/Webots_YOLOv8/build install --record /home/ivan/Webots_YOLOv8/build/Webots_YOLOv8/install.log --single-version-externally-managed install_data
[1.630s] running egg_info
[1.630s] creating ../../build/Webots_YOLOv8/Webots_YOLOv8.egg-info
[1.631s] writing ../../build/Webots_YOLOv8/Webots_YOLOv8.egg-info/PKG-INFO
[1.631s] writing dependency_links to ../../build/Webots_YOLOv8/Webots_YOLOv8.egg-info/dependency_links.txt
[1.631s] writing entry points to ../../build/Webots_YOLOv8/Webots_YOLOv8.egg-info/entry_points.txt
[1.631s] writing requirements to ../../build/Webots_YOLOv8/Webots_YOLOv8.egg-info/requires.txt
[1.632s] writing top-level names to ../../build/Webots_YOLOv8/Webots_YOLOv8.egg-info/top_level.txt
[1.632s] writing manifest file '../../build/Webots_YOLOv8/Webots_YOLOv8.egg-info/SOURCES.txt'
[1.635s] reading manifest file '../../build/Webots_YOLOv8/Webots_YOLOv8.egg-info/SOURCES.txt'
[1.635s] writing manifest file '../../build/Webots_YOLOv8/Webots_YOLOv8.egg-info/SOURCES.txt'
[1.636s] running build
[1.636s] running build_py
[1.636s] creating /home/ivan/Webots_YOLOv8/build/Webots_YOLOv8/build
[1.636s] creating /home/ivan/Webots_YOLOv8/build/Webots_YOLOv8/build/lib
[1.637s] creating /home/ivan/Webots_YOLOv8/build/Webots_YOLOv8/build/lib/Webots_YOLOv8
[1.637s] copying Webots_YOLOv8/yolo_simulation.py -> /home/ivan/Webots_YOLOv8/build/Webots_YOLOv8/build/lib/Webots_YOLOv8
[1.637s] copying Webots_YOLOv8/__init__.py -> /home/ivan/Webots_YOLOv8/build/Webots_YOLOv8/build/lib/Webots_YOLOv8
[1.637s] copying Webots_YOLOv8/running_inference.py -> /home/ivan/Webots_YOLOv8/build/Webots_YOLOv8/build/lib/Webots_YOLOv8
[1.637s] running install
[1.637s] running install_lib
[1.638s] creating /home/ivan/Webots_YOLOv8/install/Webots_YOLOv8/lib/python3.10/site-packages/Webots_YOLOv8
[1.638s] copying /home/ivan/Webots_YOLOv8/build/Webots_YOLOv8/build/lib/Webots_YOLOv8/yolo_simulation.py -> /home/ivan/Webots_YOLOv8/install/Webots_YOLOv8/lib/python3.10/site-packages/Webots_YOLOv8
[1.638s] copying /home/ivan/Webots_YOLOv8/build/Webots_YOLOv8/build/lib/Webots_YOLOv8/__init__.py -> /home/ivan/Webots_YOLOv8/install/Webots_YOLOv8/lib/python3.10/site-packages/Webots_YOLOv8
[1.639s] copying /home/ivan/Webots_YOLOv8/build/Webots_YOLOv8/build/lib/Webots_YOLOv8/running_inference.py -> /home/ivan/Webots_YOLOv8/install/Webots_YOLOv8/lib/python3.10/site-packages/Webots_YOLOv8
[1.639s] byte-compiling /home/ivan/Webots_YOLOv8/install/Webots_YOLOv8/lib/python3.10/site-packages/Webots_YOLOv8/yolo_simulation.py to yolo_simulation.cpython-310.pyc
[1.640s] byte-compiling /home/ivan/Webots_YOLOv8/install/Webots_YOLOv8/lib/python3.10/site-packages/Webots_YOLOv8/__init__.py to __init__.cpython-310.pyc
[1.640s] byte-compiling /home/ivan/Webots_YOLOv8/install/Webots_YOLOv8/lib/python3.10/site-packages/Webots_YOLOv8/running_inference.py to running_inference.cpython-310.pyc
[1.641s] running install_data
[1.641s] copying package.xml -> /home/ivan/Webots_YOLOv8/install/Webots_YOLOv8/share/Webots_YOLOv8
[1.641s] creating /home/ivan/Webots_YOLOv8/install/Webots_YOLOv8/share/Webots_YOLOv8/launch
[1.641s] copying launch/vision.launch.py -> /home/ivan/Webots_YOLOv8/install/Webots_YOLOv8/share/Webots_YOLOv8/launch
[1.641s] creating /home/ivan/Webots_YOLOv8/install/Webots_YOLOv8/share/Webots_YOLOv8/modelo
[1.641s] copying modelo/best.pt -> /home/ivan/Webots_YOLOv8/install/Webots_YOLOv8/share/Webots_YOLOv8/modelo
[1.651s] creating /home/ivan/Webots_YOLOv8/install/Webots_YOLOv8/share/Webots_YOLOv8/resource
[1.651s] copying resource/Webots_YOLOv8 -> /home/ivan/Webots_YOLOv8/install/Webots_YOLOv8/share/Webots_YOLOv8/resource
[1.652s] running install_egg_info
[1.655s] Copying ../../build/Webots_YOLOv8/Webots_YOLOv8.egg-info to /home/ivan/Webots_YOLOv8/install/Webots_YOLOv8/lib/python3.10/site-packages/Webots_YOLOv8-0.0.1-py3.10.egg-info
[1.656s] running install_scripts
[1.686s] Installing finder script to /home/ivan/Webots_YOLOv8/install/Webots_YOLOv8/lib/Webots_YOLOv8
[1.686s] writing list of installed files to '/home/ivan/Webots_YOLOv8/build/Webots_YOLOv8/install.log'
[1.758s] Invoked command in '/home/ivan/Webots_YOLOv8/src/Webots_YOLOv8' returned '0': PYTHONPATH=/home/ivan/Webots_YOLOv8/build/Webots_YOLOv8/prefix_override:/usr/lib/python3/dist-packages/colcon_core/task/python/colcon_distutils_commands:/home/ivan/Webots_YOLOv8/install/Webots_YOLOv8/lib/python3.10/site-packages:${PYTHONPATH} /usr/bin/python3 -W ignore:setup.py install is deprecated -W ignore:easy_install command is deprecated setup.py egg_info --egg-base ../../build/Webots_YOLOv8 build --build-base /home/ivan/Webots_YOLOv8/build/Webots_YOLOv8/build install --record /home/ivan/Webots_YOLOv8/build/Webots_YOLOv8/install.log --single-version-externally-managed install_data
